This file contains any messages produced by compilers while
running configure, to aid debugging if configure makes a mistake.

It was created by configure, which was
generated by GNU Autoconf 2.69.  Invocation command line was

  $ ./configure --disable-option-checking --prefix=/usr/local --cache-file=/dev/null --srcdir=.

## --------- ##
## Platform. ##
## --------- ##

hostname = tarik-pc
uname -m = x86_64
uname -r = 3.11.0-18-generic
uname -s = Linux
uname -v = #32-Ubuntu SMP Tue Feb 18 21:11:14 UTC 2014

/usr/bin/uname -p = unknown
/bin/uname -X     = unknown

/bin/arch              = unknown
/usr/bin/arch -k       = unknown
/usr/convex/getsysinfo = unknown
/usr/bin/hostinfo      = unknown
/bin/machine           = unknown
/usr/bin/oslevel       = unknown
/bin/universe          = unknown

PATH: /usr/lib/lightdm/lightdm
PATH: /usr/local/sbin
PATH: /usr/local/bin
PATH: /usr/sbin
PATH: /usr/bin
PATH: /sbin
PATH: /bin
PATH: /usr/games
PATH: /usr/local/games
PATH: /usr/lib/jvm/java-7-oracle/bin
PATH: /home/tarik/Programlama/apache-tomcat/bin/


## ----------- ##
## Core tests. ##
## ----------- ##

configure:2209: checking for grep that handles long lines and -e
configure:2267: result: /bin/grep
configure:2272: checking for egrep
configure:2334: result: /bin/grep -E
configure:2339: checking for a sed that does not truncate output
configure:2403: result: /bin/sed
configure:2537: checking for cc
configure:2553: found /usr/bin/cc
configure:2564: result: cc
configure:2595: checking for C compiler version
configure:2604: cc --version >&5
cc (Ubuntu/Linaro 4.8.1-10ubuntu9) 4.8.1
Copyright (C) 2013 Free Software Foundation, Inc.
This is free software; see the source for copying conditions.  There is NO
warranty; not even for MERCHANTABILITY or FITNESS FOR A PARTICULAR PURPOSE.

configure:2615: $? = 0
configure:2604: cc -v >&5
Using built-in specs.
COLLECT_GCC=cc
COLLECT_LTO_WRAPPER=/usr/lib/gcc/x86_64-linux-gnu/4.8/lto-wrapper
Target: x86_64-linux-gnu
Configured with: ../src/configure -v --with-pkgversion='Ubuntu/Linaro 4.8.1-10ubuntu9' --with-bugurl=file:///usr/share/doc/gcc-4.8/README.Bugs --enable-languages=c,c++,java,go,d,fortran,objc,obj-c++ --prefix=/usr --program-suffix=-4.8 --enable-shared --enable-linker-build-id --libexecdir=/usr/lib --without-included-gettext --enable-threads=posix --with-gxx-include-dir=/usr/include/c++/4.8 --libdir=/usr/lib --enable-nls --with-sysroot=/ --enable-clocale=gnu --enable-libstdcxx-debug --enable-libstdcxx-time=yes --enable-gnu-unique-object --enable-plugin --with-system-zlib --disable-browser-plugin --enable-java-awt=gtk --enable-gtk-cairo --with-java-home=/usr/lib/jvm/java-1.5.0-gcj-4.8-amd64/jre --enable-java-home --with-jvm-root-dir=/usr/lib/jvm/java-1.5.0-gcj-4.8-amd64 --with-jvm-jar-dir=/usr/lib/jvm-exports/java-1.5.0-gcj-4.8-amd64 --with-arch-directory=amd64 --with-ecj-jar=/usr/share/java/eclipse-ecj.jar --enable-objc-gc --enable-multiarch --disable-werror --with-arch-32=i686 --with-abi=m64 --with-multilib-list=m32,m64,mx32 --with-tune=generic --enable-checking=release --build=x86_64-linux-gnu --host=x86_64-linux-gnu --target=x86_64-linux-gnu
Thread model: posix
gcc version 4.8.1 (Ubuntu/Linaro 4.8.1-10ubuntu9) 
configure:2615: $? = 0
configure:2604: cc -V >&5
cc: error: unrecognized command line option '-V'
cc: fatal error: no input files
compilation terminated.
configure:2615: $? = 4
configure:2604: cc -qversion >&5
cc: error: unrecognized command line option '-qversion'
cc: fatal error: no input files
compilation terminated.
configure:2615: $? = 4
configure:2635: checking whether the C compiler works
configure:2657: cc    conftest.c -lssl -lcrypto -lrt -lpthread  >&5
configure:2661: $? = 0
configure:2709: result: yes
configure:2712: checking for C compiler default output file name
configure:2714: result: a.out
configure:2720: checking for suffix of executables
configure:2727: cc -o conftest    conftest.c -lssl -lcrypto -lrt -lpthread  >&5
configure:2731: $? = 0
configure:2753: result: 
configure:2775: checking whether we are cross compiling
configure:2783: cc -o conftest    conftest.c -lssl -lcrypto -lrt -lpthread  >&5
configure:2787: $? = 0
configure:2794: ./conftest
configure:2798: $? = 0
configure:2813: result: no
configure:2818: checking for suffix of object files
configure:2840: cc -c   conftest.c >&5
configure:2844: $? = 0
configure:2865: result: o
configure:2869: checking whether we are using the GNU C compiler
configure:2888: cc -c   conftest.c >&5
configure:2888: $? = 0
configure:2897: result: yes
configure:2906: checking whether cc accepts -g
configure:2926: cc -c -g  conftest.c >&5
configure:2926: $? = 0
configure:2967: result: yes
configure:2984: checking for cc option to accept ISO C89
configure:3047: cc  -c -g -O2  conftest.c >&5
configure:3047: $? = 0
configure:3060: result: none needed
configure:3086: checking how to run the C preprocessor
configure:3117: cc -E  conftest.c
configure:3117: $? = 0
configure:3131: cc -E  conftest.c
conftest.c:9:28: fatal error: ac_nonexistent.h: No such file or directory
 #include <ac_nonexistent.h>
                            ^
compilation terminated.
configure:3131: $? = 1
configure: failed program was:
| /* confdefs.h */
| #define PACKAGE_NAME ""
| #define PACKAGE_TARNAME ""
| #define PACKAGE_VERSION ""
| #define PACKAGE_STRING ""
| #define PACKAGE_BUGREPORT ""
| #define PACKAGE_URL ""
| /* end confdefs.h.  */
| #include <ac_nonexistent.h>
configure:3156: result: cc -E
configure:3176: cc -E  conftest.c
configure:3176: $? = 0
configure:3190: cc -E  conftest.c
conftest.c:9:28: fatal error: ac_nonexistent.h: No such file or directory
 #include <ac_nonexistent.h>
                            ^
compilation terminated.
configure:3190: $? = 1
configure: failed program was:
| /* confdefs.h */
| #define PACKAGE_NAME ""
| #define PACKAGE_TARNAME ""
| #define PACKAGE_VERSION ""
| #define PACKAGE_STRING ""
| #define PACKAGE_BUGREPORT ""
| #define PACKAGE_URL ""
| /* end confdefs.h.  */
| #include <ac_nonexistent.h>
configure:3221: checking for icc
configure:3230: result: no
configure:3244: checking for suncc
configure:3253: result: no
configure:3271: checking whether cc understands -c and -o together
configure:3299: cc -c conftest.c -o conftest2.o >&5
configure:3303: $? = 0
configure:3309: cc -c conftest.c -o conftest2.o >&5
configure:3313: $? = 0
configure:3368: result: yes
configure:3382: checking for system library directory
configure:3397: result: lib
configure:3404: checking if compiler supports -R
configure:3423: cc -o conftest -g -O2   conftest.c -R /usr/lib -lssl -lcrypto -lrt -lpthread  >&5
cc: error: unrecognized command line option '-R'
configure:3423: $? = 1
configure: failed program was:
| /* confdefs.h */
| #define PACKAGE_NAME ""
| #define PACKAGE_TARNAME ""
| #define PACKAGE_VERSION ""
| #define PACKAGE_STRING ""
| #define PACKAGE_BUGREPORT ""
| #define PACKAGE_URL ""
| /* end confdefs.h.  */
| 
| int
| main ()
| {
| 
|   ;
|   return 0;
| }
configure:3433: result: no
configure:3438: checking if compiler supports -Wl,-rpath,
configure:3457: cc -o conftest -g -O2   conftest.c -Wl,-rpath,/usr/lib -lssl -lcrypto -lrt -lpthread  >&5
configure:3457: $? = 0
configure:3467: result: yes
configure:3512: checking build system type
configure:3526: result: x86_64-unknown-linux-gnu
configure:3546: checking host system type
configure:3559: result: x86_64-unknown-linux-gnu
configure:3579: checking target system type
configure:3592: result: x86_64-unknown-linux-gnu
configure:3695: checking for PHP prefix
configure:3697: result: /usr
configure:3699: checking for PHP includes
configure:3701: result: -I/usr/include/php5 -I/usr/include/php5/main -I/usr/include/php5/TSRM -I/usr/include/php5/Zend -I/usr/include/php5/ext -I/usr/include/php5/ext/date/lib
configure:3703: checking for PHP extension directory
configure:3705: result: /usr/lib/php5/20121212
configure:3707: checking for PHP installed headers prefix
configure:3709: result: /usr/include/php5
configure:3712: checking if debug is enabled
configure:3738: result: no
configure:3741: checking if zts is enabled
configure:3767: result: no
configure:3838: checking for re2c
configure:3854: found /usr/bin/re2c
configure:3865: result: re2c
configure:3874: checking for re2c version
configure:3888: result: 0.13.5 (ok)
configure:3907: checking for gawk
configure:3938: result: no
configure:3907: checking for nawk
configure:3924: found /usr/bin/nawk
configure:3935: result: nawk
configure:3958: checking if nawk is broken
configure:3965: result: no
configure:3979: checking whether to enable the thrift_protocol extension
configure:4018: result: yes, shared
configure:4085: checking for g++
configure:4101: found /usr/bin/g++
configure:4112: result: g++
configure:4139: checking for C++ compiler version
configure:4148: g++ --version >&5
g++ (Ubuntu/Linaro 4.8.1-10ubuntu9) 4.8.1
Copyright (C) 2013 Free Software Foundation, Inc.
This is free software; see the source for copying conditions.  There is NO
warranty; not even for MERCHANTABILITY or FITNESS FOR A PARTICULAR PURPOSE.

configure:4159: $? = 0
configure:4148: g++ -v >&5
Using built-in specs.
COLLECT_GCC=g++
COLLECT_LTO_WRAPPER=/usr/lib/gcc/x86_64-linux-gnu/4.8/lto-wrapper
Target: x86_64-linux-gnu
Configured with: ../src/configure -v --with-pkgversion='Ubuntu/Linaro 4.8.1-10ubuntu9' --with-bugurl=file:///usr/share/doc/gcc-4.8/README.Bugs --enable-languages=c,c++,java,go,d,fortran,objc,obj-c++ --prefix=/usr --program-suffix=-4.8 --enable-shared --enable-linker-build-id --libexecdir=/usr/lib --without-included-gettext --enable-threads=posix --with-gxx-include-dir=/usr/include/c++/4.8 --libdir=/usr/lib --enable-nls --with-sysroot=/ --enable-clocale=gnu --enable-libstdcxx-debug --enable-libstdcxx-time=yes --enable-gnu-unique-object --enable-plugin --with-system-zlib --disable-browser-plugin --enable-java-awt=gtk --enable-gtk-cairo --with-java-home=/usr/lib/jvm/java-1.5.0-gcj-4.8-amd64/jre --enable-java-home --with-jvm-root-dir=/usr/lib/jvm/java-1.5.0-gcj-4.8-amd64 --with-jvm-jar-dir=/usr/lib/jvm-exports/java-1.5.0-gcj-4.8-amd64 --with-arch-directory=amd64 --with-ecj-jar=/usr/share/java/eclipse-ecj.jar --enable-objc-gc --enable-multiarch --disable-werror --with-arch-32=i686 --with-abi=m64 --with-multilib-list=m32,m64,mx32 --with-tune=generic --enable-checking=release --build=x86_64-linux-gnu --host=x86_64-linux-gnu --target=x86_64-linux-gnu
Thread model: posix
gcc version 4.8.1 (Ubuntu/Linaro 4.8.1-10ubuntu9) 
configure:4159: $? = 0
configure:4148: g++ -V >&5
g++: error: unrecognized command line option '-V'
g++: fatal error: no input files
compilation terminated.
configure:4159: $? = 4
configure:4148: g++ -qversion >&5
g++: error: unrecognized command line option '-qversion'
g++: fatal error: no input files
compilation terminated.
configure:4159: $? = 4
configure:4163: checking whether we are using the GNU C++ compiler
configure:4182: g++ -c   conftest.cpp >&5
configure:4182: $? = 0
configure:4191: result: yes
configure:4200: checking whether g++ accepts -g
configure:4220: g++ -c -g  conftest.cpp >&5
configure:4220: $? = 0
configure:4261: result: yes
configure:4289: checking how to run the C++ preprocessor
configure:4316: g++ -E  conftest.cpp
configure:4316: $? = 0
configure:4330: g++ -E  conftest.cpp
conftest.cpp:9:28: fatal error: ac_nonexistent.h: No such file or directory
 #include <ac_nonexistent.h>
                            ^
compilation terminated.
configure:4330: $? = 1
configure: failed program was:
| /* confdefs.h */
| #define PACKAGE_NAME ""
| #define PACKAGE_TARNAME ""
| #define PACKAGE_VERSION ""
| #define PACKAGE_STRING ""
| #define PACKAGE_BUGREPORT ""
| #define PACKAGE_URL ""
| /* end confdefs.h.  */
| #include <ac_nonexistent.h>
configure:4355: result: g++ -E
configure:4375: g++ -E  conftest.cpp
configure:4375: $? = 0
configure:4389: g++ -E  conftest.cpp
conftest.cpp:9:28: fatal error: ac_nonexistent.h: No such file or directory
 #include <ac_nonexistent.h>
                            ^
compilation terminated.
configure:4389: $? = 1
configure: failed program was:
| /* confdefs.h */
| #define PACKAGE_NAME ""
| #define PACKAGE_TARNAME ""
| #define PACKAGE_VERSION ""
| #define PACKAGE_STRING ""
| #define PACKAGE_BUGREPORT ""
| #define PACKAGE_URL ""
| /* end confdefs.h.  */
| #include <ac_nonexistent.h>
configure:4880: checking how to print strings
configure:4907: result: printf
configure:4928: checking for a sed that does not truncate output
configure:4992: result: /bin/sed
configure:5010: checking for fgrep
configure:5072: result: /bin/grep -F
configure:5107: checking for ld used by cc
configure:5174: result: /usr/bin/ld
configure:5181: checking if the linker (/usr/bin/ld) is GNU ld
configure:5196: result: yes
configure:5208: checking for BSD- or MS-compatible name lister (nm)
configure:5257: result: /usr/bin/nm -B
configure:5387: checking the name lister (/usr/bin/nm -B) interface
configure:5394: cc -c -g -O2  conftest.c >&5
configure:5397: /usr/bin/nm -B "conftest.o"
configure:5400: output
0000000000000000 B some_variable
configure:5407: result: BSD nm
configure:5410: checking whether ln -s works
configure:5414: result: yes
configure:5422: checking the maximum length of command line arguments
configure:5553: result: 1572864
configure:5570: checking whether the shell understands some XSI constructs
configure:5580: result: yes
configure:5584: checking whether the shell understands "+="
configure:5590: result: yes
configure:5625: checking how to convert x86_64-unknown-linux-gnu file names to x86_64-unknown-linux-gnu format
configure:5665: result: func_convert_file_noop
configure:5672: checking how to convert x86_64-unknown-linux-gnu file names to toolchain format
configure:5692: result: func_convert_file_noop
configure:5699: checking for /usr/bin/ld option to reload object files
configure:5706: result: -r
configure:5780: checking for objdump
configure:5796: found /usr/bin/objdump
configure:5807: result: objdump
configure:5839: checking how to recognize dependent libraries
configure:6037: result: pass_all
configure:6122: checking for dlltool
configure:6152: result: no
configure:6182: checking how to associate runtime and link libraries
configure:6209: result: printf %s\n
configure:6269: checking for ar
configure:6285: found /usr/bin/ar
configure:6296: result: ar
configure:6333: checking for archiver @FILE support
configure:6350: cc -c -g -O2  conftest.c >&5
configure:6350: $? = 0
configure:6353: ar cru libconftest.a @conftest.lst >&5
configure:6356: $? = 0
configure:6361: ar cru libconftest.a @conftest.lst >&5
ar: conftest.o: No such file or directory
configure:6364: $? = 1
configure:6376: result: @
configure:6434: checking for strip
configure:6450: found /usr/bin/strip
configure:6461: result: strip
configure:6533: checking for ranlib
configure:6549: found /usr/bin/ranlib
configure:6560: result: ranlib
configure:6637: checking for gawk
configure:6664: result: nawk
configure:6704: checking command to parse /usr/bin/nm -B output from cc object
configure:6824: cc -c -g -O2  conftest.c >&5
configure:6827: $? = 0
configure:6831: /usr/bin/nm -B conftest.o \| sed -n -e 's/^.*[ ]\([ABCDGIRSTW][ABCDGIRSTW]*\)[ ][ ]*\([_A-Za-z][_A-Za-z0-9]*\)$/\1 \2 \2/p' | sed '/ __gnu_lto/d' \> conftest.nm
configure:6834: $? = 0
configure:6900: cc -o conftest -g -O2   conftest.c conftstm.o >&5
configure:6903: $? = 0
configure:6941: result: ok
configure:6978: checking for sysroot
configure:7008: result: no
configure:7085: cc -c -g -O2  conftest.c >&5
configure:7088: $? = 0
configure:7271: checking for mt
configure:7287: found /bin/mt
configure:7298: result: mt
configure:7321: checking if mt is a manifest tool
configure:7327: mt '-?'
configure:7335: result: no
configure:7972: checking for ANSI C header files
configure:7992: cc -c -g -O2  conftest.c >&5
configure:7992: $? = 0
configure:8065: cc -o conftest -g -O2   conftest.c -lstdc++ -lssl -lcrypto -lrt -lpthread  >&5
configure:8065: $? = 0
configure:8065: ./conftest
configure:8065: $? = 0
configure:8076: result: yes
configure:8089: checking for sys/types.h
configure:8089: cc -c -g -O2  conftest.c >&5
configure:8089: $? = 0
configure:8089: result: yes
configure:8089: checking for sys/stat.h
configure:8089: cc -c -g -O2  conftest.c >&5
configure:8089: $? = 0
configure:8089: result: yes
configure:8089: checking for stdlib.h
configure:8089: cc -c -g -O2  conftest.c >&5
configure:8089: $? = 0
configure:8089: result: yes
configure:8089: checking for string.h
configure:8089: cc -c -g -O2  conftest.c >&5
configure:8089: $? = 0
configure:8089: result: yes
configure:8089: checking for memory.h
configure:8089: cc -c -g -O2  conftest.c >&5
configure:8089: $? = 0
configure:8089: result: yes
configure:8089: checking for strings.h
configure:8089: cc -c -g -O2  conftest.c >&5
configure:8089: $? = 0
configure:8089: result: yes
configure:8089: checking for inttypes.h
configure:8089: cc -c -g -O2  conftest.c >&5
configure:8089: $? = 0
configure:8089: result: yes
configure:8089: checking for stdint.h
configure:8089: cc -c -g -O2  conftest.c >&5
configure:8089: $? = 0
configure:8089: result: yes
configure:8089: checking for unistd.h
configure:8089: cc -c -g -O2  conftest.c >&5
configure:8089: $? = 0
configure:8089: result: yes
configure:8103: checking for dlfcn.h
configure:8103: cc -c -g -O2  conftest.c >&5
configure:8103: $? = 0
configure:8103: result: yes
configure:8320: checking for objdir
configure:8335: result: .libs
configure:8606: checking if cc supports -fno-rtti -fno-exceptions
configure:8624: cc -c -g -O2  -fno-rtti -fno-exceptions conftest.c >&5
cc1: warning: command line option '-fno-rtti' is valid for C++/ObjC++ but not for C [enabled by default]
configure:8628: $? = 0
configure:8641: result: no
configure:8968: checking for cc option to produce PIC
configure:8975: result: -fPIC -DPIC
configure:8983: checking if cc PIC flag -fPIC -DPIC works
configure:9001: cc -c -g -O2  -fPIC -DPIC -DPIC conftest.c >&5
configure:9005: $? = 0
configure:9018: result: yes
configure:9047: checking if cc static flag -static works
configure:9075: result: yes
configure:9090: checking if cc supports -c -o file.o
configure:9111: cc -c -g -O2  -o out/conftest2.o conftest.c >&5
configure:9115: $? = 0
configure:9137: result: yes
configure:9145: checking if cc supports -c -o file.o
configure:9192: result: yes
configure:9225: checking whether the cc linker (/usr/bin/ld -m elf_x86_64) supports shared libraries
configure:10382: result: yes
configure:10419: checking whether -lc should be explicitly linked in
configure:10427: cc -c -g -O2  conftest.c >&5
configure:10430: $? = 0
configure:10445: cc -shared  -fPIC -DPIC conftest.o  -v -Wl,-soname -Wl,conftest -o conftest 2\>\&1 \| /bin/grep  -lc  \>/dev/null 2\>\&1
configure:10448: $? = 0
configure:10462: result: no
configure:10622: checking dynamic linker characteristics
configure:11122: cc -o conftest -g -O2   -Wl,-rpath -Wl,/foo conftest.c -lstdc++ -lssl -lcrypto -lrt -lpthread  >&5
configure:11122: $? = 0
configure:11356: result: GNU/Linux ld.so
configure:11463: checking how to hardcode library paths into programs
configure:11488: result: immediate
configure:12028: checking whether stripping libraries is possible
configure:12033: result: yes
configure:12068: checking if libtool supports shared libraries
configure:12070: result: yes
configure:12073: checking whether to build shared libraries
configure:12094: result: yes
configure:12097: checking whether to build static libraries
configure:12101: result: no
configure:12124: checking how to run the C++ preprocessor
configure:12190: result: g++ -E
configure:12210: g++ -E  conftest.cpp
configure:12210: $? = 0
configure:12224: g++ -E  conftest.cpp
conftest.cpp:22:28: fatal error: ac_nonexistent.h: No such file or directory
 #include <ac_nonexistent.h>
                            ^
compilation terminated.
configure:12224: $? = 1
configure: failed program was:
| /* confdefs.h */
| #define PACKAGE_NAME ""
| #define PACKAGE_TARNAME ""
| #define PACKAGE_VERSION ""
| #define PACKAGE_STRING ""
| #define PACKAGE_BUGREPORT ""
| #define PACKAGE_URL ""
| #define COMPILE_DL_THRIFT_PROTOCOL 1
| #define STDC_HEADERS 1
| #define HAVE_SYS_TYPES_H 1
| #define HAVE_SYS_STAT_H 1
| #define HAVE_STDLIB_H 1
| #define HAVE_STRING_H 1
| #define HAVE_MEMORY_H 1
| #define HAVE_STRINGS_H 1
| #define HAVE_INTTYPES_H 1
| #define HAVE_STDINT_H 1
| #define HAVE_UNISTD_H 1
| #define HAVE_DLFCN_H 1
| #define LT_OBJDIR ".libs/"
| /* end confdefs.h.  */
| #include <ac_nonexistent.h>
configure:12393: checking for ld used by g++
configure:12460: result: /usr/bin/ld -m elf_x86_64
configure:12467: checking if the linker (/usr/bin/ld -m elf_x86_64) is GNU ld
configure:12482: result: yes
configure:12537: checking whether the g++ linker (/usr/bin/ld -m elf_x86_64) supports shared libraries
configure:13539: result: yes
configure:13575: g++ -c -g -O2  conftest.cpp >&5
configure:13578: $? = 0
configure:14098: checking for g++ option to produce PIC
configure:14105: result: -fPIC -DPIC
configure:14113: checking if g++ PIC flag -fPIC -DPIC works
configure:14131: g++ -c -g -O2  -fPIC -DPIC -DPIC conftest.cpp >&5
configure:14135: $? = 0
configure:14148: result: yes
configure:14171: checking if g++ static flag -static works
configure:14199: result: yes
configure:14211: checking if g++ supports -c -o file.o
configure:14232: g++ -c -g -O2  -o out/conftest2.o conftest.cpp >&5
configure:14236: $? = 0
configure:14258: result: yes
configure:14263: checking if g++ supports -c -o file.o
configure:14310: result: yes
configure:14340: checking whether the g++ linker (/usr/bin/ld -m elf_x86_64) supports shared libraries
configure:14379: result: yes
configure:14520: checking dynamic linker characteristics
configure:15188: result: GNU/Linux ld.so
configure:15241: checking how to hardcode library paths into programs
configure:15266: result: immediate
configure:15566: creating ./config.status

## ---------------------- ##
## Running config.status. ##
## ---------------------- ##

This file was extended by config.status, which was
generated by GNU Autoconf 2.69.  Invocation command line was

  CONFIG_FILES    = 
  CONFIG_HEADERS  = 
  CONFIG_LINKS    = 
  CONFIG_COMMANDS = 
  $ ./config.status 

on tarik-pc

config.status:942: creating config.h
config.status:1046: executing libtool commands

## ---------------- ##
## Cache variables. ##
## ---------------- ##

ac_cv_build=x86_64-unknown-linux-gnu
ac_cv_c_compiler_gnu=yes
ac_cv_cxx_compiler_gnu=yes
ac_cv_env_CCC_set=
ac_cv_env_CCC_value=
ac_cv_env_CC_set=
ac_cv_env_CC_value=
ac_cv_env_CFLAGS_set=
ac_cv_env_CFLAGS_value=
ac_cv_env_CPPFLAGS_set=set
ac_cv_env_CPPFLAGS_value=
ac_cv_env_CPP_set=
ac_cv_env_CPP_value=
ac_cv_env_CXXCPP_set=
ac_cv_env_CXXCPP_value=
ac_cv_env_CXXFLAGS_set=
ac_cv_env_CXXFLAGS_value=
ac_cv_env_CXX_set=
ac_cv_env_CXX_value=
ac_cv_env_LDFLAGS_set=set
ac_cv_env_LDFLAGS_value=
ac_cv_env_LIBS_set=set
ac_cv_env_LIBS_value='-lssl -lcrypto -lrt -lpthread '
ac_cv_env_build_alias_set=
ac_cv_env_build_alias_value=
ac_cv_env_host_alias_set=
ac_cv_env_host_alias_value=
ac_cv_env_target_alias_set=
ac_cv_env_target_alias_value=
ac_cv_header_dlfcn_h=yes
ac_cv_header_inttypes_h=yes
ac_cv_header_memory_h=yes
ac_cv_header_stdc=yes
ac_cv_header_stdint_h=yes
ac_cv_header_stdlib_h=yes
ac_cv_header_string_h=yes
ac_cv_header_strings_h=yes
ac_cv_header_sys_stat_h=yes
ac_cv_header_sys_types_h=yes
ac_cv_header_unistd_h=yes
ac_cv_host=x86_64-unknown-linux-gnu
ac_cv_objext=o
ac_cv_path_EGREP='/bin/grep -E'
ac_cv_path_FGREP='/bin/grep -F'
ac_cv_path_GREP=/bin/grep
ac_cv_path_SED=/bin/sed
ac_cv_prog_AWK=nawk
ac_cv_prog_CPP='cc -E'
ac_cv_prog_CXXCPP='g++ -E'
ac_cv_prog_RE2C=re2c
ac_cv_prog_ac_ct_AR=ar
ac_cv_prog_ac_ct_CC=cc
ac_cv_prog_ac_ct_CXX=g++
ac_cv_prog_ac_ct_MANIFEST_TOOL=mt
ac_cv_prog_ac_ct_OBJDUMP=objdump
ac_cv_prog_ac_ct_RANLIB=ranlib
ac_cv_prog_ac_ct_STRIP=strip
ac_cv_prog_cc_c89=
ac_cv_prog_cc_cc_c_o=yes
ac_cv_prog_cc_g=yes
ac_cv_prog_cxx_g=yes
ac_cv_target=x86_64-unknown-linux-gnu
lt_cv_ar_at_file=@
lt_cv_archive_cmds_need_lc=no
lt_cv_deplibs_check_method=pass_all
lt_cv_file_magic_cmd='$MAGIC_CMD'
lt_cv_file_magic_test_file=
lt_cv_ld_reload_flag=-r
lt_cv_nm_interface='BSD nm'
lt_cv_objdir=.libs
lt_cv_path_LD=/usr/bin/ld
lt_cv_path_LDCXX='/usr/bin/ld -m elf_x86_64'
lt_cv_path_NM='/usr/bin/nm -B'
lt_cv_path_mainfest_tool=no
lt_cv_prog_compiler_c_o=yes
lt_cv_prog_compiler_c_o_CXX=yes
lt_cv_prog_compiler_pic='-fPIC -DPIC'
lt_cv_prog_compiler_pic_CXX='-fPIC -DPIC'
lt_cv_prog_compiler_pic_works=yes
lt_cv_prog_compiler_pic_works_CXX=yes
lt_cv_prog_compiler_rtti_exceptions=no
lt_cv_prog_compiler_static_works=yes
lt_cv_prog_compiler_static_works_CXX=yes
lt_cv_prog_gnu_ld=yes
lt_cv_prog_gnu_ldcxx=yes
lt_cv_sharedlib_from_linklib_cmd='printf %s\n'
lt_cv_shlibpath_overrides_runpath=no
lt_cv_sys_global_symbol_pipe='sed -n -e '\''s/^.*[	 ]\([ABCDGIRSTW][ABCDGIRSTW]*\)[	 ][	 ]*\([_A-Za-z][_A-Za-z0-9]*\)$/\1 \2 \2/p'\'' | sed '\''/ __gnu_lto/d'\'''
lt_cv_sys_global_symbol_to_c_name_address='sed -n -e '\''s/^: \([^ ]*\)[ ]*$/  {\"\1\", (void *) 0},/p'\'' -e '\''s/^[ABCDGIRSTW]* \([^ ]*\) \([^ ]*\)$/  {"\2", (void *) \&\2},/p'\'''
lt_cv_sys_global_symbol_to_c_name_address_lib_prefix='sed -n -e '\''s/^: \([^ ]*\)[ ]*$/  {\"\1\", (void *) 0},/p'\'' -e '\''s/^[ABCDGIRSTW]* \([^ ]*\) \(lib[^ ]*\)$/  {"\2", (void *) \&\2},/p'\'' -e '\''s/^[ABCDGIRSTW]* \([^ ]*\) \([^ ]*\)$/  {"lib\2", (void *) \&\2},/p'\'''
lt_cv_sys_global_symbol_to_cdecl='sed -n -e '\''s/^T .* \(.*\)$/extern int \1();/p'\'' -e '\''s/^[ABCDGIRSTW]* .* \(.*\)$/extern char \1;/p'\'''
lt_cv_sys_max_cmd_len=1572864
lt_cv_to_host_file_cmd=func_convert_file_noop
lt_cv_to_tool_file_cmd=func_convert_file_noop
php_cv_cc_dashr=no
php_cv_cc_rpath=yes
php_cv_re2c_version='0.13.5 (ok)'

## ----------------- ##
## Output variables. ##
## ----------------- ##

AR='ar'
AWK='nawk'
CC='cc'
CFLAGS='-g -O2'
CONFIGURE_COMMAND=' '\''./configure'\''  '\''--disable-option-checking'\'' '\''--prefix=/usr/local'\'' '\''--cache-file=/dev/null'\'' '\''--srcdir=.'\'''
CONFIGURE_OPTIONS=' '\''--disable-option-checking'\'' '\''--prefix=/usr/local'\'' '\''--cache-file=/dev/null'\'' '\''--srcdir=.'\'''
CPP='cc -E'
CPPFLAGS=' -DHAVE_CONFIG_H'
CXX='g++'
CXXCPP='g++ -E'
CXXFLAGS='-g -O2'
DEFS='-DHAVE_CONFIG_H'
DLLTOOL='false'
DSYMUTIL=''
DUMPBIN=''
ECHO_C=''
ECHO_N='-n'
ECHO_T=''
EGREP='/bin/grep -E'
EXEEXT=''
FGREP='/bin/grep -F'
GREP='/bin/grep'
LD='/usr/bin/ld -m elf_x86_64'
LDFLAGS=''
LIBOBJS=''
LIBS='-lstdc++ -lssl -lcrypto -lrt -lpthread '
LIBTOOL='$(SHELL) $(top_builddir)/libtool'
LIPO=''
LN_S='ln -s'
LTLIBOBJS=''
MANIFEST_TOOL=':'
NM='/usr/bin/nm -B'
NMEDIT=''
OBJDUMP='objdump'
OBJEXT='o'
OTOOL64=''
OTOOL=''
PACKAGE_BUGREPORT=''
PACKAGE_NAME=''
PACKAGE_STRING=''
PACKAGE_TARNAME=''
PACKAGE_URL=''
PACKAGE_VERSION=''
PATH_SEPARATOR=':'
RANLIB='ranlib'
RE2C='re2c'
SED='/bin/sed'
SHELL='/bin/bash'
SHLIB_DL_SUFFIX_NAME='so'
SHLIB_SUFFIX_NAME='so'
STRIP='strip'
ac_ct_AR='ar'
ac_ct_CC='cc'
ac_ct_CXX='g++'
ac_ct_DUMPBIN=''
bindir='${exec_prefix}/bin'
build='x86_64-unknown-linux-gnu'
build_alias=''
build_cpu='x86_64'
build_os='linux-gnu'
build_vendor='unknown'
datadir='${datarootdir}'
datarootdir='${prefix}/share'
docdir='${datarootdir}/doc/${PACKAGE}'
dvidir='${docdir}'
exec_prefix='$(prefix)'
host='x86_64-unknown-linux-gnu'
host_alias='x86_64-unknown-linux-gnu'
host_cpu='x86_64'
host_os='linux-gnu'
host_vendor='unknown'
htmldir='${docdir}'
includedir='${prefix}/include'
infodir='${datarootdir}/info'
libdir='${exec_prefix}/lib'
libexecdir='${exec_prefix}/libexec'
localedir='${datarootdir}/locale'
localstatedir='${prefix}/var'
mandir='${datarootdir}/man'
oldincludedir='/usr/include'
pdfdir='${docdir}'
prefix='/usr'
program_transform_name='s,x,x,'
psdir='${docdir}'
sbindir='${exec_prefix}/sbin'
sharedstatedir='${prefix}/com'
sysconfdir='${prefix}/etc'
target='x86_64-unknown-linux-gnu'
target_alias=''
target_cpu='x86_64'
target_os='linux-gnu'
target_vendor='unknown'

## ----------- ##
## confdefs.h. ##
## ----------- ##

/* confdefs.h */
#define PACKAGE_NAME ""
#define PACKAGE_TARNAME ""
#define PACKAGE_VERSION ""
#define PACKAGE_STRING ""
#define PACKAGE_BUGREPORT ""
#define PACKAGE_URL ""
#define COMPILE_DL_THRIFT_PROTOCOL 1
#define STDC_HEADERS 1
#define HAVE_SYS_TYPES_H 1
#define HAVE_SYS_STAT_H 1
#define HAVE_STDLIB_H 1
#define HAVE_STRING_H 1
#define HAVE_MEMORY_H 1
#define HAVE_STRINGS_H 1
#define HAVE_INTTYPES_H 1
#define HAVE_STDINT_H 1
#define HAVE_UNISTD_H 1
#define HAVE_DLFCN_H 1
#define LT_OBJDIR ".libs/"

configure: exit 0
